<?xml version="1.0" encoding="UTF-8"?>
<!-- Generated by org.testng.reporters.JUnitReportReporter -->
<testsuite hostname="DICVUVAN" name="Test.RecipeLibTest" tests="10" failures="0" timestamp="11 Mar 2020 08:46:55 GMT" time="501.808" errors="0">
  <testcase name="login" time="48.074" classname="Test.RecipeLibTest"/>
  <testcase name="login" time="50.650" classname="Test.RecipeLibTest"/>
  <testcase name="login" time="53.414" classname="Test.RecipeLibTest"/>
  <testcase name="login" time="50.205" classname="Test.RecipeLibTest"/>
  <testcase name="login" time="50.688" classname="Test.RecipeLibTest"/>
  <testcase name="login" time="46.159" classname="Test.RecipeLibTest"/>
  <testcase name="login" time="52.882" classname="Test.RecipeLibTest"/>
  <testcase name="login" time="52.587" classname="Test.RecipeLibTest"/>
  <testcase name="login" time="47.616" classname="Test.RecipeLibTest"/>
  <testcase name="login" time="49.533" classname="Test.RecipeLibTest"/>
</testsuite> <!-- Test.RecipeLibTest -->
