<?xml version="1.0" encoding="UTF-8"?>
<!-- Generated by org.testng.reporters.JUnitReportReporter -->
<testsuite hostname="DICVUVAN" name="Test.RecipeLibTest" tests="1" failures="0" timestamp="6 Mar 2020 09:31:04 GMT" time="48.868" errors="0">
  <testcase name="login" time="48.868" classname="Test.RecipeLibTest"/>
</testsuite> <!-- Test.RecipeLibTest -->
