<?xml version="1.0" encoding="UTF-8"?>
<!-- Generated by org.testng.reporters.JUnitReportReporter -->
<testsuite hostname="DICVUVAN" name="Test.RecipeLibTest" tests="1" failures="0" timestamp="3 Mar 2020 08:37:04 GMT" time="44.789" errors="0">
  <testcase name="login" time="44.789" classname="Test.RecipeLibTest"/>
</testsuite> <!-- Test.RecipeLibTest -->
